# JRE version: OpenJDK Runtime Environment Temurin-17.0.7+7 (17.0.7+7) (build 17.0.7+7)
# Java VM: OpenJDK 64-Bit Server VM Temurin-17.0.7+7 (17.0.7+7, mixed mode, sharing, tiered, compressed oops, compressed class ptrs, parallel gc, windows-amd64)
GC Precious Log:
 CPUs: 8 total, 8 available
 Memory: 7959M
 Large Page Support: Disabled
 NUMA Support: Disabled
 Compressed Oops: Enabled (32-bit)
 Alignments: Space 512K, Generation 512K, Heap 2M
 Heap Min Capacity: 100M
 Heap Initial Capacity: 100M
 Heap Max Capacity: 1G
 Pre-touch: Disabled
 Parallel Workers: 8
Heap:
 PSYoungGen      total 22016K, used 14699K [0x00000000eab00000, 0x00000000ec300000, 0x0000000100000000)
  eden space 20480K, 65% used [0x00000000eab00000,0x00000000eb831948,0x00000000ebf00000)
  from space 1536K, 77% used [0x00000000ec180000,0x00000000ec2a9528,0x00000000ec300000)
  to   space 1536K, 0% used [0x00000000ec000000,0x00000000ec000000,0x00000000ec180000)
 ParOldGen       total 68608K, used 30775K [0x00000000c0000000, 0x00000000c4300000, 0x00000000eab00000)
  object space 68608K, 44% used [0x00000000c0000000,0x00000000c1e0dc00,0x00000000c4300000)
 Metaspace       used 44732K, committed 45696K, reserved 1114112K
  class space    used 4831K, committed 5184K, reserved 1048576K
GC Heap History (20 events):
Event: 8.310 GC heap before
{Heap before GC invocations=13 (full 2):
 PSYoungGen      total 24064K, used 880K [0x00000000eab00000, 0x00000000ec700000, 0x0000000100000000)
  eden space 23040K, 0% used [0x00000000eab00000,0x00000000eab00000,0x00000000ec180000)
  from space 1024K, 85% used [0x00000000ec400000,0x00000000ec4dc010,0x00000000ec500000)
  to   space 1536K, 0% used [0x00000000ec580000,0x00000000ec580000,0x00000000ec700000)
 ParOldGen       total 68608K, used 14444K [0x00000000c0000000, 0x00000000c4300000, 0x00000000eab00000)
  object space 68608K, 21% used [0x00000000c0000000,0x00000000c0e1b320,0x00000000c4300000)
 Metaspace       used 35162K, committed 35840K, reserved 1114112K
  class space    used 3744K, committed 4032K, reserved 1048576K
}
Event: 8.351 GC heap after
{Heap after GC invocations=13 (full 2):
 PSYoungGen      total 24064K, used 0K [0x00000000eab00000, 0x00000000ec700000, 0x0000000100000000)
  eden space 23040K, 0% used [0x00000000eab00000,0x00000000eab00000,0x00000000ec180000)
  from space 1024K, 0% used [0x00000000ec400000,0x00000000ec400000,0x00000000ec500000)
  to   space 1536K, 0% used [0x00000000ec580000,0x00000000ec580000,0x00000000ec700000)
 ParOldGen       total 68608K, used 14553K [0x00000000c0000000, 0x00000000c4300000, 0x00000000eab00000)
  object space 68608K, 21% used [0x00000000c0000000,0x00000000c0e367a0,0x00000000c4300000)
 Metaspace       used 35162K, committed 35840K, reserved 1114112K
  class space    used 3744K, committed 4032K, reserved 1048576K
}
Event: 9.234 GC heap before
{Heap before GC invocations=14 (full 2):
 PSYoungGen      total 24064K, used 23040K [0x00000000eab00000, 0x00000000ec700000, 0x0000000100000000)
  eden space 23040K, 100% used [0x00000000eab00000,0x00000000ec180000,0x00000000ec180000)
  from space 1024K, 0% used [0x00000000ec400000,0x00000000ec400000,0x00000000ec500000)
  to   space 1536K, 0% used [0x00000000ec580000,0x00000000ec580000,0x00000000ec700000)
 ParOldGen       total 68608K, used 14553K [0x00000000c0000000, 0x00000000c4300000, 0x00000000eab00000)
  object space 68608K, 21% used [0x00000000c0000000,0x00000000c0e367a0,0x00000000c4300000)
 Metaspace       used 37939K, committed 38656K, reserved 1114112K
  class space    used 4104K, committed 4416K, reserved 1048576K
}
Event: 9.237 GC heap after
{Heap after GC invocations=14 (full 2):
 PSYoungGen      total 24064K, used 1312K [0x00000000eab00000, 0x00000000ec700000, 0x0000000100000000)
  eden space 22528K, 0% used [0x00000000eab00000,0x00000000eab00000,0x00000000ec100000)
  from space 1536K, 85% used [0x00000000ec580000,0x00000000ec6c8000,0x00000000ec700000)
  to   space 1536K, 0% used [0x00000000ec400000,0x00000000ec400000,0x00000000ec580000)
 ParOldGen       total 68608K, used 14561K [0x00000000c0000000, 0x00000000c4300000, 0x00000000eab00000)
  object space 68608K, 21% used [0x00000000c0000000,0x00000000c0e387a0,0x00000000c4300000)
 Metaspace       used 37939K, committed 38656K, reserved 1114112K
  class space    used 4104K, committed 4416K, reserved 1048576K
}
Event: 9.947 GC heap before
{Heap before GC invocations=15 (full 2):
 PSYoungGen      total 24064K, used 23840K [0x00000000eab00000, 0x00000000ec700000, 0x0000000100000000)
  eden space 22528K, 100% used [0x00000000eab00000,0x00000000ec100000,0x00000000ec100000)
  from space 1536K, 85% used [0x00000000ec580000,0x00000000ec6c8000,0x00000000ec700000)
  to   space 1536K, 0% used [0x00000000ec400000,0x00000000ec400000,0x00000000ec580000)
 ParOldGen       total 68608K, used 14561K [0x00000000c0000000, 0x00000000c4300000, 0x00000000eab00000)
  object space 68608K, 21% used [0x00000000c0000000,0x00000000c0e387a0,0x00000000c4300000)
 Metaspace       used 40496K, committed 41344K, reserved 1114112K
  class space    used 4402K, committed 4736K, reserved 1048576K
}
Event: 9.952 GC heap after
{Heap after GC invocations=15 (full 2):
 PSYoungGen      total 23552K, used 1512K [0x00000000eab00000, 0x00000000ec880000, 0x0000000100000000)
  eden space 22016K, 0% used [0x00000000eab00000,0x00000000eab00000,0x00000000ec080000)
  from space 1536K, 98% used [0x00000000ec400000,0x00000000ec57a160,0x00000000ec580000)
  to   space 3072K, 0% used [0x00000000ec580000,0x00000000ec580000,0x00000000ec880000)
 ParOldGen       total 68608K, used 16610K [0x00000000c0000000, 0x00000000c4300000, 0x00000000eab00000)
  object space 68608K, 24% used [0x00000000c0000000,0x00000000c1038b28,0x00000000c4300000)
 Metaspace       used 40496K, committed 41344K, reserved 1114112K
  class space    used 4402K, committed 4736K, reserved 1048576K
}
Event: 10.270 GC heap before
{Heap before GC invocations=16 (full 2):
 PSYoungGen      total 23552K, used 23528K [0x00000000eab00000, 0x00000000ec880000, 0x0000000100000000)
  eden space 22016K, 100% used [0x00000000eab00000,0x00000000ec080000,0x00000000ec080000)
  from space 1536K, 98% used [0x00000000ec400000,0x00000000ec57a160,0x00000000ec580000)
  to   space 3072K, 0% used [0x00000000ec580000,0x00000000ec580000,0x00000000ec880000)
 ParOldGen       total 68608K, used 16610K [0x00000000c0000000, 0x00000000c4300000, 0x00000000eab00000)
  object space 68608K, 24% used [0x00000000c0000000,0x00000000c1038b28,0x00000000c4300000)
 Metaspace       used 41017K, committed 41856K, reserved 1114112K
  class space    used 4473K, committed 4800K, reserved 1048576K
}
Event: 10.273 GC heap after
{Heap after GC invocations=16 (full 2):
 PSYoungGen      total 24576K, used 2208K [0x00000000eab00000, 0x00000000ec800000, 0x0000000100000000)
  eden space 22016K, 0% used [0x00000000eab00000,0x00000000eab00000,0x00000000ec080000)
  from space 2560K, 86% used [0x00000000ec580000,0x00000000ec7a8020,0x00000000ec800000)
  to   space 3072K, 0% used [0x00000000ec200000,0x00000000ec200000,0x00000000ec500000)
 ParOldGen       total 68608K, used 18143K [0x00000000c0000000, 0x00000000c4300000, 0x00000000eab00000)
  object space 68608K, 26% used [0x00000000c0000000,0x00000000c11b7ec0,0x00000000c4300000)
 Metaspace       used 41017K, committed 41856K, reserved 1114112K
  class space    used 4473K, committed 4800K, reserved 1048576K
}
Event: 10.518 GC heap before
{Heap before GC invocations=17 (full 2):
 PSYoungGen      total 24576K, used 24224K [0x00000000eab00000, 0x00000000ec800000, 0x0000000100000000)
  eden space 22016K, 100% used [0x00000000eab00000,0x00000000ec080000,0x00000000ec080000)
  from space 2560K, 86% used [0x00000000ec580000,0x00000000ec7a8020,0x00000000ec800000)
  to   space 3072K, 0% used [0x00000000ec200000,0x00000000ec200000,0x00000000ec500000)
 ParOldGen       total 68608K, used 18143K [0x00000000c0000000, 0x00000000c4300000, 0x00000000eab00000)
  object space 68608K, 26% used [0x00000000c0000000,0x00000000c11b7ec0,0x00000000c4300000)
 Metaspace       used 41070K, committed 41856K, reserved 1114112K
  class space    used 4473K, committed 4800K, reserved 1048576K
}
Event: 10.522 GC heap after
{Heap after GC invocations=17 (full 2):
 PSYoungGen      total 24576K, used 2272K [0x00000000eab00000, 0x00000000ec600000, 0x0000000100000000)
  eden space 22016K, 0% used [0x00000000eab00000,0x00000000eab00000,0x00000000ec080000)
  from space 2560K, 88% used [0x00000000ec200000,0x00000000ec438010,0x00000000ec480000)
  to   space 1536K, 0% used [0x00000000ec480000,0x00000000ec480000,0x00000000ec600000)
 ParOldGen       total 68608K, used 20175K [0x00000000c0000000, 0x00000000c4300000, 0x00000000eab00000)
  object space 68608K, 29% used [0x00000000c0000000,0x00000000c13b3ed0,0x00000000c4300000)
 Metaspace       used 41070K, committed 41856K, reserved 1114112K
  class space    used 4473K, committed 4800K, reserved 1048576K
}
Event: 10.707 GC heap before
{Heap before GC invocations=18 (full 2):
 PSYoungGen      total 24576K, used 24288K [0x00000000eab00000, 0x00000000ec600000, 0x0000000100000000)
  eden space 22016K, 100% used [0x00000000eab00000,0x00000000ec080000,0x00000000ec080000)
  from space 2560K, 88% used [0x00000000ec200000,0x00000000ec438010,0x00000000ec480000)
  to   space 1536K, 0% used [0x00000000ec480000,0x00000000ec480000,0x00000000ec600000)
 ParOldGen       total 68608K, used 20175K [0x00000000c0000000, 0x00000000c4300000, 0x00000000eab00000)
  object space 68608K, 29% used [0x00000000c0000000,0x00000000c13b3ed0,0x00000000c4300000)
 Metaspace       used 41121K, committed 41984K, reserved 1114112K
  class space    used 4484K, committed 4864K, reserved 1048576K
}
Event: 10.713 GC heap after
{Heap after GC invocations=18 (full 2):
 PSYoungGen      total 22016K, used 1536K [0x00000000eab00000, 0x00000000ecb80000, 0x0000000100000000)
  eden space 20480K, 0% used [0x00000000eab00000,0x00000000eab00000,0x00000000ebf00000)
  from space 1536K, 100% used [0x00000000ec480000,0x00000000ec600000,0x00000000ec600000)
  to   space 5632K, 0% used [0x00000000ebf00000,0x00000000ebf00000,0x00000000ec480000)
 ParOldGen       total 68608K, used 23436K [0x00000000c0000000, 0x00000000c4300000, 0x00000000eab00000)
  object space 68608K, 34% used [0x00000000c0000000,0x00000000c16e3248,0x00000000c4300000)
 Metaspace       used 41121K, committed 41984K, reserved 1114112K
  class space    used 4484K, committed 4864K, reserved 1048576K
}
Event: 10.843 GC heap before
{Heap before GC invocations=19 (full 2):
 PSYoungGen      total 22016K, used 22016K [0x00000000eab00000, 0x00000000ecb80000, 0x0000000100000000)
  eden space 20480K, 100% used [0x00000000eab00000,0x00000000ebf00000,0x00000000ebf00000)
  from space 1536K, 100% used [0x00000000ec480000,0x00000000ec600000,0x00000000ec600000)
  to   space 5632K, 0% used [0x00000000ebf00000,0x00000000ebf00000,0x00000000ec480000)
 ParOldGen       total 68608K, used 23436K [0x00000000c0000000, 0x00000000c4300000, 0x00000000eab00000)
  object space 68608K, 34% used [0x00000000c0000000,0x00000000c16e3248,0x00000000c4300000)
 Metaspace       used 41122K, committed 41984K, reserved 1114112K
  class space    used 4484K, committed 4864K, reserved 1048576K
}
Event: 10.848 GC heap after
{Heap after GC invocations=19 (full 2):
 PSYoungGen      total 23552K, used 2592K [0x00000000eab00000, 0x00000000ec600000, 0x0000000100000000)
  eden space 20480K, 0% used [0x00000000eab00000,0x00000000eab00000,0x00000000ebf00000)
  from space 3072K, 84% used [0x00000000ebf00000,0x00000000ec188010,0x00000000ec200000)
  to   space 3584K, 0% used [0x00000000ec280000,0x00000000ec280000,0x00000000ec600000)
 ParOldGen       total 68608K, used 25022K [0x00000000c0000000, 0x00000000c4300000, 0x00000000eab00000)
  object space 68608K, 36% used [0x00000000c0000000,0x00000000c186f8c8,0x00000000c4300000)
 Metaspace       used 41122K, committed 41984K, reserved 1114112K
  class space    used 4484K, committed 4864K, reserved 1048576K
}
Event: 11.003 GC heap before
{Heap before GC invocations=20 (full 2):
 PSYoungGen      total 23552K, used 23072K [0x00000000eab00000, 0x00000000ec600000, 0x0000000100000000)
  eden space 20480K, 100% used [0x00000000eab00000,0x00000000ebf00000,0x00000000ebf00000)
  from space 3072K, 84% used [0x00000000ebf00000,0x00000000ec188010,0x00000000ec200000)
  to   space 3584K, 0% used [0x00000000ec280000,0x00000000ec280000,0x00000000ec600000)
 ParOldGen       total 68608K, used 25022K [0x00000000c0000000, 0x00000000c4300000, 0x00000000eab00000)
  object space 68608K, 36% used [0x00000000c0000000,0x00000000c186f8c8,0x00000000c4300000)
 Metaspace       used 41124K, committed 41984K, reserved 1114112K
  class space    used 4484K, committed 4864K, reserved 1048576K
}
Event: 11.008 GC heap after
{Heap after GC invocations=20 (full 2):
 PSYoungGen      total 23040K, used 2080K [0x00000000eab00000, 0x00000000ec500000, 0x0000000100000000)
  eden space 20480K, 0% used [0x00000000eab00000,0x00000000eab00000,0x00000000ebf00000)
  from space 2560K, 81% used [0x00000000ec280000,0x00000000ec488000,0x00000000ec500000)
  to   space 2560K, 0% used [0x00000000ec000000,0x00000000ec000000,0x00000000ec280000)
 ParOldGen       total 68608K, used 27494K [0x00000000c0000000, 0x00000000c4300000, 0x00000000eab00000)
  object space 68608K, 40% used [0x00000000c0000000,0x00000000c1ad98d8,0x00000000c4300000)
 Metaspace       used 41124K, committed 41984K, reserved 1114112K
  class space    used 4484K, committed 4864K, reserved 1048576K
}
Event: 12.048 GC heap before
{Heap before GC invocations=21 (full 2):
 PSYoungGen      total 23040K, used 22560K [0x00000000eab00000, 0x00000000ec500000, 0x0000000100000000)
  eden space 20480K, 100% used [0x00000000eab00000,0x00000000ebf00000,0x00000000ebf00000)
  from space 2560K, 81% used [0x00000000ec280000,0x00000000ec488000,0x00000000ec500000)
  to   space 2560K, 0% used [0x00000000ec000000,0x00000000ec000000,0x00000000ec280000)
 ParOldGen       total 68608K, used 27494K [0x00000000c0000000, 0x00000000c4300000, 0x00000000eab00000)
  object space 68608K, 40% used [0x00000000c0000000,0x00000000c1ad98d8,0x00000000c4300000)
 Metaspace       used 41964K, committed 42880K, reserved 1114112K
  class space    used 4559K, committed 4928K, reserved 1048576K
}
Event: 12.052 GC heap after
{Heap after GC invocations=21 (full 2):
 PSYoungGen      total 22016K, used 1367K [0x00000000eab00000, 0x00000000ec300000, 0x0000000100000000)
  eden space 20480K, 0% used [0x00000000eab00000,0x00000000eab00000,0x00000000ebf00000)
  from space 1536K, 89% used [0x00000000ec000000,0x00000000ec155f50,0x00000000ec180000)
  to   space 1536K, 0% used [0x00000000ec180000,0x00000000ec180000,0x00000000ec300000)
 ParOldGen       total 68608K, used 29476K [0x00000000c0000000, 0x00000000c4300000, 0x00000000eab00000)
  object space 68608K, 42% used [0x00000000c0000000,0x00000000c1cc9158,0x00000000c4300000)
 Metaspace       used 41964K, committed 42880K, reserved 1114112K
  class space    used 4559K, committed 4928K, reserved 1048576K
}
Event: 12.369 GC heap before
{Heap before GC invocations=22 (full 2):
 PSYoungGen      total 22016K, used 21847K [0x00000000eab00000, 0x00000000ec300000, 0x0000000100000000)
  eden space 20480K, 100% used [0x00000000eab00000,0x00000000ebf00000,0x00000000ebf00000)
  from space 1536K, 89% used [0x00000000ec000000,0x00000000ec155f50,0x00000000ec180000)
  to   space 1536K, 0% used [0x00000000ec180000,0x00000000ec180000,0x00000000ec300000)
 ParOldGen       total 68608K, used 29476K [0x00000000c0000000, 0x00000000c4300000, 0x00000000eab00000)
  object space 68608K, 42% used [0x00000000c0000000,0x00000000c1cc9158,0x00000000c4300000)
 Metaspace       used 42716K, committed 43584K, reserved 1114112K
  class space    used 4636K, committed 4992K, reserved 1048576K
}
Event: 12.374 GC heap after
{Heap after GC invocations=22 (full 2):
 PSYoungGen      total 22016K, used 1189K [0x00000000eab00000, 0x00000000ec300000, 0x0000000100000000)
  eden space 20480K, 0% used [0x00000000eab00000,0x00000000eab00000,0x00000000ebf00000)
  from space 1536K, 77% used [0x00000000ec180000,0x00000000ec2a9528,0x00000000ec300000)
  to   space 1536K, 0% used [0x00000000ec000000,0x00000000ec000000,0x00000000ec180000)
 ParOldGen       total 68608K, used 30775K [0x00000000c0000000, 0x00000000c4300000, 0x00000000eab00000)
  object space 68608K, 44% used [0x00000000c0000000,0x00000000c1e0dc00,0x00000000c4300000)
 Metaspace       used 42716K, committed 43584K, reserved 1114112K
  class space    used 4636K, committed 4992K, reserved 1048576K
}

